2019-02-01 15:26:55.993  D  
2019-02-01 15:26:56.003  D  **************  Starting sa9_UV1  **************
2019-02-01 15:26:56.003  D  Script: SA9_volt_ride_through.py 1.0.0
2019-02-01 15:26:56.003  I  EUT Parameters:
2019-02-01 15:26:56.003  I      P_rated = 5000
2019-02-01 15:26:56.003  I      V_nom = 277.0
2019-02-01 15:26:56.003  I      Phases = 3-Phase 3-Wire
2019-02-01 15:26:56.003  I      V_msa = 0.0
2019-02-01 15:26:56.003  I      T_msa = 0.0
2019-02-01 15:26:56.003  I      VRT T_dwell = 3
2019-02-01 15:26:56.003  I  Test Parameters:
2019-02-01 15:26:56.003  I      Test Label = vrt
2019-02-01 15:26:56.003  I      Ride-Through Voltage (% of nomimal) = 87.0
2019-02-01 15:26:56.003  I      Ride-Through Duration (secs) = 20.0
2019-02-01 15:26:56.003  I      Minimum grid voltage (% of nominal) = 100.0
2019-02-01 15:26:56.003  I      Maximum grid voltage (% of nominal) = 100.0
2019-02-01 15:26:56.003  I      Power Level 100% Tests = Enabled
2019-02-01 15:26:56.003  I      Power Level 20% Tests = Disabled
2019-02-01 15:26:56.003  I      Number of test repetitions = 2
2019-02-01 15:26:56.003  I      Operation Mode = Mandatory Operation
2019-02-01 15:26:56.003  I      All Phase Fault Tests = Enabled
2019-02-01 15:26:56.003  I      Phase 1 Fault Tests = Disabled
2019-02-01 15:26:56.003  I      Phase 2 Fault Tests = Disabled
2019-02-01 15:26:56.003  I      Phase 3 Fault Tests = Disabled
2019-02-01 15:26:56.003  I  DER Parameters:
2019-02-01 15:26:56.003  I      DER Mode = SMA
2019-02-01 15:26:56.003  I      SMA Parameters:
2019-02-01 15:26:56.003  I          IP Address = 192.168.0.170
2019-02-01 15:26:56.003  I          IP Port = 502
2019-02-01 15:26:56.003  I          Slave Id = 3
2019-02-01 15:26:56.003  I          Configure Grid Guard = True
2019-02-01 15:26:56.003  I          Grid Guard Number = 3980494444
2019-02-01 15:26:56.003  I  Data Acquisition (RMS) Parameters:
2019-02-01 15:26:56.003  I      Mode = Yokogawa WT3000
2019-02-01 15:26:56.003  I      Yokogawa WT3000 Parameters:
2019-02-01 15:26:56.003  I          Communications Interface = VISA
2019-02-01 15:26:56.003  I          visa_id = ASRL1::INSTR
2019-02-01 15:26:56.003  I          baud_rate = 38400
2019-02-01 15:26:56.003  I          Sample Interval (ms) = 500
2019-02-01 15:26:56.003  I          Channel 1 = AC
2019-02-01 15:26:56.003  I          Channel 2 = AC
2019-02-01 15:26:56.003  I          Channel 3 = AC
2019-02-01 15:26:56.003  I          Channel 4 = DC
2019-02-01 15:26:56.003  I          Channel 1 Label = 1
2019-02-01 15:26:56.003  I          Channel 2 Label = 2
2019-02-01 15:26:56.003  I          Channel 3 Label = 3
2019-02-01 15:26:56.003  I          Channel 4 Label = None
2019-02-01 15:26:56.003  I  Data Acquisition (Waveform) Parameters:
2019-02-01 15:26:56.003  I      Mode = Yokogawa WT3000
2019-02-01 15:26:56.003  I      Yokogawa WT3000 Parameters:
2019-02-01 15:26:56.003  I          Communications Interface = VISA
2019-02-01 15:26:56.003  I          visa_id = ASRL1::INSTR
2019-02-01 15:26:56.003  I          baud_rate = 38400
2019-02-01 15:26:56.003  I          Sample Interval (ms) = 500
2019-02-01 15:26:56.003  I          Channel 1 = AC
2019-02-01 15:26:56.003  I          Channel 2 = AC
2019-02-01 15:26:56.013  I          Channel 3 = AC
2019-02-01 15:26:56.013  I          Channel 4 = DC
2019-02-01 15:26:56.013  I          Channel 1 Label = 1
2019-02-01 15:26:56.013  I          Channel 2 Label = 2
2019-02-01 15:26:56.013  I          Channel 3 Label = 3
2019-02-01 15:26:56.013  I          Channel 4 Label = None
2019-02-01 15:26:56.013  I  Grid Simulator Parameters:
2019-02-01 15:26:56.013  I      Mode = Chroma
2019-02-01 15:26:56.013  I      Configure grid simulator at beginning of test = Enabled
2019-02-01 15:26:56.013  I      Chroma Parameters:
2019-02-01 15:26:56.013  I          Phases = 3
2019-02-01 15:26:56.013  I          Max voltage for all phases = 300
2019-02-01 15:26:56.013  I          Max Voltage = 299.0
2019-02-01 15:26:56.013  I          Max Current = 75.0
2019-02-01 15:26:56.013  I          Frequency = 60.0
2019-02-01 15:26:56.013  I          Communications Interface = VISA
2019-02-01 15:26:56.183  I          VISA Device String = TCPIP::192.168.0.10::2101::SOCKET
2019-02-01 15:26:56.183  I          VISA Path = C:/Program Files (x86)/IVI Foundation/VISA/WinNT/agvisa/agbin/visa32.dll
2019-02-01 15:26:56.183  I          Baud Rate = 19200
2019-02-01 15:26:56.183  I  Load Simulator Parameters:
2019-02-01 15:26:56.183  I      Mode = Disabled
2019-02-01 15:26:56.183  I  PV Simulator Parameters:
2019-02-01 15:26:56.183  I      Mode = Chroma
2019-02-01 15:26:56.183  I      Chroma Parameters:
2019-02-01 15:26:56.183  I          Communications Interface = VISA
2019-02-01 15:26:56.383  I          VISA Device String = TCPIP::192.168.0.11::2101::SOCKET
2019-02-01 15:26:56.383  I          Baud Rate = 115200
2019-02-01 15:26:56.383  I          VISA Driver Path = C:/Program Files (x86)/IVI Foundation/VISA/WinNT/agvisa/agbin/visa32.dll
2019-02-01 15:26:56.393  I          MPP Power (W) = 4995.97
2019-02-01 15:26:56.393  I          MPP Voltage (V) = 448.27
2019-02-01 15:26:56.393  I          Open Circuit Voltage (V) = 562.02
2019-02-01 15:26:56.393  I          Short Circuit Current (I) = 12.346
2019-02-01 15:26:56.433  I  Turning on grid simulator.
2019-02-01 15:26:56.573  I  Grid simulator model: Chroma ATE,61860,000095,00.56 Oct 30 2014
2019-02-01 15:26:56.593  I  Grid sim regenerative mode is: on
2019-02-01 15:26:56.653  I  299.0
2019-02-01 15:26:56.653  I  Grid sim max voltage settings: v1 = 299.0, v2 = 299.0, v3 = 299.0
2019-02-01 15:26:56.653  I  Grid sim max current: 75.0 Amps
2019-02-01 15:26:56.653  I  here??
2019-02-01 15:26:56.653  D  comm : VISA
2019-02-01 15:26:56.653  D  visa path : C:/Program Files (x86)/IVI Foundation/VISA/WinNT/agvisa/agbin/visa32.dll
2019-02-01 15:26:56.653  D  baud rate : 115200
2019-02-01 15:26:57.663  W  Requested power > Pmp so irradiance will be > 1000 W/m^2)
2019-02-01 15:26:57.683  I  chroma irradiance changed to 1000.81
2019-02-01 15:26:57.763  I  chroma channel turned on
2019-02-01 15:26:59.933  I  DAS RMS device: YOKOGAWA,760304-04-MV,0,F6.21

2019-02-01 15:27:02.093  I  DAS Waveform device: YOKOGAWA,760304-04-MV,0,F6.21

2019-02-01 15:27:02.143  I  Grid Guard is already set
2019-02-01 15:27:02.143  I  Grid Guard Code Accepted.
2019-02-01 15:27:02.303  W  Requested power > Pmp so irradiance will be > 1000 W/m^2)
2019-02-01 15:27:02.333  I  chroma irradiance changed to 1000.81
2019-02-01 15:27:02.333  I  Setting power level to 100.0% of rated
2019-02-01 15:27:02.333  I  Starting RMS data capture
2019-02-01 15:27:02.333  I  Waiting 5 seconds to start test
2019-02-01 15:27:07.443  I  Starting All Phase Fault Test, v1 = 87.0%  v2 = 87.0%  v3 = 87.0%
2019-02-01 15:27:07.443  I  Test duration is 49.0 seconds
2019-02-01 15:27:10.933  I  Setting voltage: v_1 = 277.0  v_2 = 277.0  v_3 = 277.0 for 3 seconds
2019-02-01 15:27:14.443  I  1549002434.44
2019-02-01 15:27:14.453  I  Setting voltage: v_1 = 240.99  v_2 = 240.99  v_3 = 240.99 for 20.0 seconds
2019-02-01 15:27:34.923  I  Setting voltage: v_1 = 277.0  v_2 = 277.0  v_3 = 277.0 for 3 seconds
2019-02-01 15:27:38.443  I  1549002458.44
2019-02-01 15:27:38.463  I  Setting voltage: v_1 = 240.99  v_2 = 240.99  v_3 = 240.99 for 20.0 seconds
2019-02-01 15:27:59.223  I  Setting voltage: v_1 = 277.0  v_2 = 277.0  v_3 = 277.0 for 3 seconds
2019-02-01 15:28:02.543  I  Saving data capture vrt_rms_all_100.csv
2019-02-01 15:28:02.543  I  [25, 73]
2019-02-01 15:28:02.543  I  pass
2019-02-01 15:28:02.553  W  Requested power > Pmp so irradiance will be > 1000 W/m^2)
2019-02-01 15:28:02.583  I  chroma irradiance changed to 1000.81
2019-02-01 15:28:03.863  I  Test result - Complete
