2019-02-01 17:24:03.231  D  
2019-02-01 17:24:03.231  D  **************  Starting sa12_0  **************
2019-02-01 17:24:03.231  D  Script: SA12_power_factor.py 1.1.0
2019-02-01 17:24:03.231  I  Test Parameters:
2019-02-01 17:24:03.231  I      Power Level 100% Tests = Enabled
2019-02-01 17:24:03.231  I      Power Level 50% Tests = Disabled
2019-02-01 17:24:03.231  I      Power Level 20% Tests = Disabled
2019-02-01 17:24:03.231  I      Number of test repetitions = 3
2019-02-01 17:24:03.231  I      Minimum inductive = Enabled
2019-02-01 17:24:03.231  I      Mid-range inductive = Disabled
2019-02-01 17:24:03.231  I      Minimum capacitive = Enabled
2019-02-01 17:24:03.231  I      Mid-range capacitive = Disabled
2019-02-01 17:24:03.231  I  EUT Parameters:
2019-02-01 17:24:03.231  I      P_rated = 5000
2019-02-01 17:24:03.231  I      Phases = 3-Phase 3-Wire
2019-02-01 17:24:03.231  I      PF_min_ind (Underexcited) = 0.8
2019-02-01 17:24:03.231  I      PF_min_cap (Overexcited) (negative value) = -0.8
2019-02-01 17:24:03.231  I      PF Settling Time (secs) = 2
2019-02-01 17:24:03.231  I      PF Manufacturer Stated Accuracy (PF units) = 0.02
2019-02-01 17:24:03.231  I  DER Parameters:
2019-02-01 17:24:03.231  I      DER Mode = SMA
2019-02-01 17:24:03.231  I      SMA Parameters:
2019-02-01 17:24:03.231  I          IP Address = 192.168.0.170
2019-02-01 17:24:03.231  I          IP Port = 502
2019-02-01 17:24:03.231  I          Slave Id = 3
2019-02-01 17:24:03.231  I          Configure Grid Guard = True
2019-02-01 17:24:03.231  I          Grid Guard Number = 3980494444
2019-02-01 17:24:03.231  I  Data Acquisition System Parameters:
2019-02-01 17:24:03.231  I      Mode = Yokogawa WT3000
2019-02-01 17:24:03.231  I      Yokogawa WT3000 Parameters:
2019-02-01 17:24:03.231  I          Communications Interface = VISA
2019-02-01 17:24:03.231  I          visa_id = ASRL1::INSTR
2019-02-01 17:24:03.231  I          baud_rate = 38400
2019-02-01 17:24:03.231  I          Sample Interval (ms) = 1000
2019-02-01 17:24:03.231  I          Channel 1 = AC
2019-02-01 17:24:03.231  I          Channel 2 = AC
2019-02-01 17:24:03.231  I          Channel 3 = AC
2019-02-01 17:24:03.231  I          Channel 4 = DC
2019-02-01 17:24:03.231  I          Channel 1 Label = 1
2019-02-01 17:24:03.231  I          Channel 2 Label = 2
2019-02-01 17:24:03.231  I          Channel 3 Label = 3
2019-02-01 17:24:03.231  I          Channel 4 Label = None
2019-02-01 17:24:03.231  I  Grid Simulator Parameters:
2019-02-01 17:24:03.231  I      Mode = Disabled
2019-02-01 17:24:03.231  I      Configure grid simulator at beginning of test = Disabled
2019-02-01 17:24:03.231  I  Load Simulator Parameters:
2019-02-01 17:24:03.231  I      Mode = Disabled
2019-02-01 17:24:03.231  I  PV Simulator Parameters:
2019-02-01 17:24:03.231  I      Mode = Chroma
2019-02-01 17:24:03.231  I      Chroma Parameters:
2019-02-01 17:24:03.231  I          Communications Interface = VISA
2019-02-01 17:24:03.231  I          VISA Device String = USB0::0x0A69::0x084B::S02000000541::INSTR
2019-02-01 17:24:03.231  I          Baud Rate = 115200
2019-02-01 17:24:03.241  I          VISA Driver Path = C:/Program Files (x86)/IVI Foundation/VISA/WinNT/agvisa/agbin/visa32.dll
2019-02-01 17:24:03.241  I          MPP Power (W) = 4995.97
2019-02-01 17:24:03.241  I          MPP Voltage (V) = 448.27
2019-02-01 17:24:03.241  I          Open Circuit Voltage (V) = 562.02
2019-02-01 17:24:03.241  I          Short Circuit Current (I) = 12.346
2019-02-01 17:24:03.241  D  comm : VISA
2019-02-01 17:24:03.241  D  visa path : C:/Program Files (x86)/IVI Foundation/VISA/WinNT/agvisa/agbin/visa32.dll
2019-02-01 17:24:03.241  D  baud rate : 115200
2019-02-01 17:24:04.281  I  chroma irradiance changed to 200.16
2019-02-01 17:24:04.321  I  chroma channel turned on
2019-02-01 17:24:06.611  I  DAS device: YOKOGAWA,760304-04-MV,0,F6.21

2019-02-01 17:24:06.691  I  Writing new Grid Guard: 3980494444
2019-02-01 17:24:07.891  I  gg 1
2019-02-01 17:24:07.891  I  Grid Guard Code Accepted.
2019-02-01 17:24:08.351  I  The target power factors for this test are: [0.8, -0.8]
2019-02-01 17:24:08.451  W  Requested power > Pmp so irradiance will be > 1000 W/m^2)
2019-02-01 17:24:08.451  I  chroma irradiance changed to 1000.81
2019-02-01 17:24:08.451  I  *** Setting power level to 5000 W (rated power * 1)
2019-02-01 17:24:08.461  I  Starting pass 1
2019-02-01 17:24:09.511  I  PF setting read: {'Ena': False, 'PF': 1.0}
2019-02-01 17:24:09.511  I  Starting data capture for pf = 1.0
2019-02-01 17:24:09.511  I  Sampling for 6 seconds
2019-02-01 17:24:15.511  I  Sampling complete
2019-02-01 17:24:15.611  I  Saving data capture spf_1000_800.0_100_1.csv
2019-02-01 17:24:15.611  I  PF set: {'Ena': True, 'PF': 0.8}
2019-02-01 17:24:16.451  I  PF setting read: {'Ena': True, 'PF': 1.0}
2019-02-01 17:24:16.451  I  Starting data capture for pf = 0.8
2019-02-01 17:24:16.451  I  Sampling for 6 seconds
2019-02-01 17:24:22.451  I  Sampling complete
2019-02-01 17:24:22.551  I  Saving data capture spf_800.0_100_1.csv
2019-02-01 17:24:22.551  I  Starting pass 2
2019-02-01 17:24:23.381  I  PF setting read: {'Ena': True, 'PF': 0.8}
2019-02-01 17:24:23.381  I  Starting data capture for pf = 1.0
2019-02-01 17:24:23.381  I  Sampling for 6 seconds
2019-02-01 17:24:29.381  I  Sampling complete
2019-02-01 17:24:29.481  I  Saving data capture spf_1000_800.0_100_2.csv
2019-02-01 17:24:29.481  I  PF set: {'Ena': True, 'PF': 0.8}
2019-02-01 17:24:30.321  I  PF setting read: {'Ena': True, 'PF': 1.0}
2019-02-01 17:24:30.321  I  Starting data capture for pf = 0.8
2019-02-01 17:24:30.321  I  Sampling for 6 seconds
2019-02-01 17:24:36.321  I  Sampling complete
2019-02-01 17:24:36.421  I  Saving data capture spf_800.0_100_2.csv
2019-02-01 17:24:36.421  I  Starting pass 3
2019-02-01 17:24:37.261  I  PF setting read: {'Ena': True, 'PF': 0.8}
2019-02-01 17:24:37.261  I  Starting data capture for pf = 1.0
2019-02-01 17:24:37.261  I  Sampling for 6 seconds
2019-02-01 17:24:43.261  I  Sampling complete
2019-02-01 17:24:43.461  I  Saving data capture spf_1000_800.0_100_3.csv
2019-02-01 17:24:43.461  I  PF set: {'Ena': True, 'PF': 0.8}
2019-02-01 17:24:45.331  I  PF setting read: {'Ena': True, 'PF': 1.0}
2019-02-01 17:24:45.331  I  Starting data capture for pf = 0.8
2019-02-01 17:24:45.331  I  Sampling for 6 seconds
2019-02-01 17:24:51.331  I  Sampling complete
2019-02-01 17:24:51.431  I  Saving data capture spf_800.0_100_3.csv
2019-02-01 17:24:51.431  W  Requested power > Pmp so irradiance will be > 1000 W/m^2)
2019-02-01 17:24:51.431  I  chroma irradiance changed to 1000.81
2019-02-01 17:24:51.441  I  *** Setting power level to 5000 W (rated power * 1)
2019-02-01 17:24:51.441  I  Starting pass 1
2019-02-01 17:24:52.261  I  PF setting read: {'Ena': True, 'PF': 0.8}
2019-02-01 17:24:52.261  I  Starting data capture for pf = 1.0
2019-02-01 17:24:52.261  I  Sampling for 6 seconds
2019-02-01 17:24:58.261  I  Sampling complete
2019-02-01 17:24:58.361  I  Saving data capture spf_1000_-800.0_100_1.csv
2019-02-01 17:24:58.361  I  PF set: {'Ena': True, 'PF': -0.8}
2019-02-01 17:24:59.201  I  PF setting read: {'Ena': True, 'PF': 1.0}
2019-02-01 17:24:59.201  I  Starting data capture for pf = -0.8
2019-02-01 17:24:59.201  I  Sampling for 6 seconds
2019-02-01 17:25:05.201  I  Sampling complete
2019-02-01 17:25:05.301  I  Saving data capture spf_-800.0_100_1.csv
2019-02-01 17:25:05.301  I  Starting pass 2
2019-02-01 17:25:06.151  I  PF setting read: {'Ena': True, 'PF': 0.8}
2019-02-01 17:25:06.151  I  Starting data capture for pf = 1.0
2019-02-01 17:25:06.151  I  Sampling for 6 seconds
2019-02-01 17:25:12.151  I  Sampling complete
2019-02-01 17:25:12.251  I  Saving data capture spf_1000_-800.0_100_2.csv
2019-02-01 17:25:12.251  I  PF set: {'Ena': True, 'PF': -0.8}
2019-02-01 17:25:13.081  I  PF setting read: {'Ena': True, 'PF': 1.0}
2019-02-01 17:25:13.081  I  Starting data capture for pf = -0.8
2019-02-01 17:25:13.081  I  Sampling for 6 seconds
2019-02-01 17:25:19.081  I  Sampling complete
2019-02-01 17:25:19.181  I  Saving data capture spf_-800.0_100_2.csv
2019-02-01 17:25:19.181  I  Starting pass 3
2019-02-01 17:25:20.021  I  PF setting read: {'Ena': True, 'PF': 0.8}
2019-02-01 17:25:20.021  I  Starting data capture for pf = 1.0
2019-02-01 17:25:20.021  I  Sampling for 6 seconds
2019-02-01 17:25:26.021  I  Sampling complete
2019-02-01 17:25:26.221  I  Saving data capture spf_1000_-800.0_100_3.csv
2019-02-01 17:25:26.221  I  PF set: {'Ena': True, 'PF': -0.8}
2019-02-01 17:25:27.121  I  PF setting read: {'Ena': True, 'PF': 1.0}
2019-02-01 17:25:27.121  I  Starting data capture for pf = -0.8
2019-02-01 17:25:27.121  I  Sampling for 6 seconds
2019-02-01 17:25:33.121  I  Sampling complete
2019-02-01 17:25:33.321  I  Saving data capture spf_-800.0_100_3.csv
2019-02-01 17:25:33.321  W  Requested power > Pmp so irradiance will be > 1000 W/m^2)
2019-02-01 17:25:33.321  I  chroma irradiance changed to 1000.81
2019-02-01 17:25:35.691  I  Test result - Complete
