2019-02-01 15:28:22.083  D  
2019-02-01 15:28:22.083  D  **************  Starting sa9_trip_time  **************
2019-02-01 15:28:22.083  D  Script: SA9_volt_trip_time.py 1.0.0
2019-02-01 15:28:22.083  I  EUT Parameters:
2019-02-01 15:28:22.083  I      P_rated = 5000
2019-02-01 15:28:22.083  I      V_nom = 277.0
2019-02-01 15:28:22.083  I      Phases = 3-Phase 3-Wire
2019-02-01 15:28:22.083  I      V_msa = 0.0
2019-02-01 15:28:22.083  I      T_msa = 0.2
2019-02-01 15:28:22.083  I      Trip Time = 11
2019-02-01 15:28:22.083  I  Test Parameters:
2019-02-01 15:28:22.083  I      Voltage (% of nomimal) = 65.0
2019-02-01 15:28:22.083  I      Hold Duration (secs) = 1.0
2019-02-01 15:28:22.083  I      Number of test repetitions = 1
2019-02-01 15:28:22.083  I      Phase 1 Fault Tests = Enabled
2019-02-01 15:28:22.083  I      Phase 2 Fault Tests = Disabled
2019-02-01 15:28:22.083  I      Phase 3 Fault Tests = Disabled
2019-02-01 15:28:22.083  I  Grid Simulator Parameters:
2019-02-01 15:28:22.083  I      Mode = Chroma
2019-02-01 15:28:22.083  I      Configure grid simulator at beginning of test = Enabled
2019-02-01 15:28:22.083  I      Chroma Parameters:
2019-02-01 15:28:22.083  I          Phases = 3
2019-02-01 15:28:22.083  I          Max voltage for all phases = 300
2019-02-01 15:28:22.083  I          Max Voltage = 299.0
2019-02-01 15:28:22.083  I          Max Current = 75.0
2019-02-01 15:28:22.083  I          Frequency = 60.0
2019-02-01 15:28:22.083  I          Communications Interface = VISA
2019-02-01 15:28:22.093  I          VISA Device String = TCPIP::192.168.0.10::2101::SOCKET
2019-02-01 15:28:22.093  I          VISA Path = C:/Program Files (x86)/IVI Foundation/VISA/WinNT/agvisa/agbin/visa32.dll
2019-02-01 15:28:22.093  I          Baud Rate = 19200
2019-02-01 15:28:22.093  I  PV Simulator Parameters:
2019-02-01 15:28:22.093  I      Mode = Chroma
2019-02-01 15:28:22.093  I      Chroma Parameters:
2019-02-01 15:28:22.093  I          Communications Interface = VISA
2019-02-01 15:28:22.093  I          VISA Device String = TCPIP::192.168.0.11::2101::SOCKET
2019-02-01 15:28:22.093  I          Baud Rate = 115200
2019-02-01 15:28:22.093  I          VISA Driver Path = C:/Program Files (x86)/IVI Foundation/VISA/WinNT/agvisa/agbin/visa32.dll
2019-02-01 15:28:22.093  I          MPP Power (W) = 4995.97
2019-02-01 15:28:22.093  I          MPP Voltage (V) = 448.27
2019-02-01 15:28:22.093  I          Open Circuit Voltage (V) = 562.02
2019-02-01 15:28:22.093  I          Short Circuit Current (I) = 12.346
2019-02-01 15:28:22.093  I  DER Parameters:
2019-02-01 15:28:22.093  I      DER Mode = SMA
2019-02-01 15:28:22.093  I      SMA Parameters:
2019-02-01 15:28:22.093  I          IP Address = 192.168.0.170
2019-02-01 15:28:22.093  I          IP Port = 502
2019-02-01 15:28:22.093  I          Slave Id = 3
2019-02-01 15:28:22.093  I          Configure Grid Guard = True
2019-02-01 15:28:22.093  I          Grid Guard Number = 3980494444
2019-02-01 15:28:22.093  I  Data Acquisition System Parameters:
2019-02-01 15:28:22.093  I      Mode = Yokogawa WT3000
2019-02-01 15:28:22.093  I      Yokogawa WT3000 Parameters:
2019-02-01 15:28:22.093  I          Communications Interface = VISA
2019-02-01 15:28:22.093  I          visa_id = ASRL1::INSTR
2019-02-01 15:28:22.093  I          baud_rate = 38400
2019-02-01 15:28:22.093  I          Sample Interval (ms) = 500
2019-02-01 15:28:22.093  I          Channel 1 = AC
2019-02-01 15:28:22.093  I          Channel 2 = AC
2019-02-01 15:28:22.093  I          Channel 3 = AC
2019-02-01 15:28:22.093  I          Channel 4 = DC
2019-02-01 15:28:22.093  I          Channel 1 Label = 1
2019-02-01 15:28:22.093  I          Channel 2 Label = 2
2019-02-01 15:28:22.093  I          Channel 3 Label = 3
2019-02-01 15:28:22.093  I          Channel 4 Label = None
2019-02-01 15:28:22.093  I  HIL Parameters:
2019-02-01 15:28:22.093  I      HIL Environment = Disabled
2019-02-01 15:28:22.123  I  Turning on grid simulator.
2019-02-01 15:28:22.253  I  Grid simulator model: Chroma ATE,61860,000095,00.56 Oct 30 2014
2019-02-01 15:28:22.253  I  Grid sim regenerative mode is: on
2019-02-01 15:28:22.323  I  299.0
2019-02-01 15:28:22.323  I  Grid sim max voltage settings: v1 = 299.0, v2 = 299.0, v3 = 299.0
2019-02-01 15:28:22.333  I  Grid sim max current: 75.0 Amps
2019-02-01 15:28:22.333  D  comm : VISA
2019-02-01 15:28:22.333  D  visa path : C:/Program Files (x86)/IVI Foundation/VISA/WinNT/agvisa/agbin/visa32.dll
2019-02-01 15:28:22.333  D  baud rate : 115200
2019-02-01 15:28:23.363  W  Requested power > Pmp so irradiance will be > 1000 W/m^2)
2019-02-01 15:28:23.373  I  chroma irradiance changed to 1000.81
2019-02-01 15:28:23.453  I  chroma channel turned on
2019-02-01 15:28:25.683  I  DAS device: YOKOGAWA,760304-04-MV,0,F6.21

2019-02-01 15:28:25.823  I  Grid Guard is already set
2019-02-01 15:28:25.823  I  Grid Guard Code Accepted.
2019-02-01 15:28:25.823  I  Running capture 1
2019-02-01 15:28:26.023  D  Phase Tests: [((162.04500000000002, 277.0, 277.0), 'Phase 1 Fault Test', 'p1', (277.0, 277.0, 277.0))]
2019-02-01 15:28:26.023  I  Starting RMS data capture
2019-02-01 15:28:26.033  I  Setting voltage: v_1 = 277.0  v_2 = 277.0  v_3 = 277.0 for 1.0 seconds
2019-02-01 15:28:26.133  I      EUT powers before dwell: p_1 = 1618.0  p_2 = 1624.0  p_3 = 1609.0
2019-02-01 15:28:31.183  I  Set Waveform Sampling Rate to 50 (Time/div = 2s)
2019-02-01 15:28:34.553  I  50.0
2019-02-01 15:28:34.553  I  Sleeping for 2 seconds, to wait for the capture to prime.
2019-02-01 15:28:36.553  I      Setting voltage: v_1 = 162.045  v_2 = 277.0  v_3 = 277.0 for 12 seconds
2019-02-01 15:28:49.053  I  Waveform capture active, sleeping
2019-02-01 15:28:50.053  I  Waveform capture active, sleeping
2019-02-01 15:28:51.053  I  Waveform capture active, sleeping
2019-02-01 15:29:12.243  I  4.81, 311.00
2019-02-01 15:29:12.243  I  8.90, 392.54
2019-02-01 15:29:12.243  I  9.01, 392.58
2019-02-01 15:29:12.243  I  8.90, 392.54
2019-02-01 15:29:12.243  I  8.95, 392.51
2019-02-01 15:29:12.243  I  8.95, 392.75
2019-02-01 15:29:12.243  I  9.06, 392.58
2019-02-01 15:29:12.243  I  8.95, 392.54
2019-02-01 15:29:12.243  I  8.90, 392.75
2019-02-01 15:29:12.243  I  8.90, 392.58
2019-02-01 15:29:12.243  D  255.1523
2019-02-01 15:29:12.243  D  65.0
2019-02-01 15:29:12.243  I  Voltage change started at 5.44, EUT trip at 16.48.  Total trip time: 11.04 sec.
2019-02-01 15:29:13.693  I  Test result - Complete
