2019-02-01 15:47:07.125  D  
2019-02-01 15:47:07.125  D  **************  Starting sa9_trip_time_UV3  **************
2019-02-01 15:47:07.125  D  Script: SA9_volt_trip_time.py 1.0.0
2019-02-01 15:47:07.125  I  EUT Parameters:
2019-02-01 15:47:07.125  I      P_rated = 5000
2019-02-01 15:47:07.125  I      V_nom = 277.0
2019-02-01 15:47:07.125  I      Phases = 3-Phase 3-Wire
2019-02-01 15:47:07.125  I      V_msa = 0.0
2019-02-01 15:47:07.125  I      T_msa = 0.2
2019-02-01 15:47:07.125  I      Trip Time = 1.5
2019-02-01 15:47:07.125  I  Test Parameters:
2019-02-01 15:47:07.125  I      Voltage (% of nomimal) = 48.0
2019-02-01 15:47:07.125  I      Hold Duration (secs) = 1.0
2019-02-01 15:47:07.125  I      Number of test repetitions = 1
2019-02-01 15:47:07.125  I      Phase 1 Fault Tests = Enabled
2019-02-01 15:47:07.125  I      Phase 2 Fault Tests = Disabled
2019-02-01 15:47:07.125  I      Phase 3 Fault Tests = Disabled
2019-02-01 15:47:07.125  I  Grid Simulator Parameters:
2019-02-01 15:47:07.125  I      Mode = Chroma
2019-02-01 15:47:07.125  I      Configure grid simulator at beginning of test = Enabled
2019-02-01 15:47:07.125  I      Chroma Parameters:
2019-02-01 15:47:07.125  I          Phases = 3
2019-02-01 15:47:07.125  I          Max voltage for all phases = 300
2019-02-01 15:47:07.125  I          Max Voltage = 299.0
2019-02-01 15:47:07.125  I          Max Current = 75.0
2019-02-01 15:47:07.125  I          Frequency = 60.0
2019-02-01 15:47:07.125  I          Communications Interface = VISA
2019-02-01 15:47:07.125  I          VISA Device String = TCPIP::192.168.0.10::2101::SOCKET
2019-02-01 15:47:07.125  I          VISA Path = C:/Program Files (x86)/IVI Foundation/VISA/WinNT/agvisa/agbin/visa32.dll
2019-02-01 15:47:07.125  I          Baud Rate = 19200
2019-02-01 15:47:07.125  I  PV Simulator Parameters:
2019-02-01 15:47:07.125  I      Mode = Chroma
2019-02-01 15:47:07.125  I      Chroma Parameters:
2019-02-01 15:47:07.125  I          Communications Interface = VISA
2019-02-01 15:47:07.125  I          VISA Device String = TCPIP::192.168.0.11::2101::SOCKET
2019-02-01 15:47:07.125  I          Baud Rate = 115200
2019-02-01 15:47:07.125  I          VISA Driver Path = C:/Program Files (x86)/IVI Foundation/VISA/WinNT/agvisa/agbin/visa32.dll
2019-02-01 15:47:07.125  I          MPP Power (W) = 4995.97
2019-02-01 15:47:07.125  I          MPP Voltage (V) = 448.27
2019-02-01 15:47:07.125  I          Open Circuit Voltage (V) = 562.02
2019-02-01 15:47:07.125  I          Short Circuit Current (I) = 12.346
2019-02-01 15:47:07.125  I  DER Parameters:
2019-02-01 15:47:07.125  I      DER Mode = SMA
2019-02-01 15:47:07.125  I      SMA Parameters:
2019-02-01 15:47:07.125  I          IP Address = 192.168.0.170
2019-02-01 15:47:07.125  I          IP Port = 502
2019-02-01 15:47:07.125  I          Slave Id = 3
2019-02-01 15:47:07.125  I          Configure Grid Guard = True
2019-02-01 15:47:07.125  I          Grid Guard Number = 3980494444
2019-02-01 15:47:07.125  I  Data Acquisition System Parameters:
2019-02-01 15:47:07.125  I      Mode = Yokogawa WT3000
2019-02-01 15:47:07.135  I      Yokogawa WT3000 Parameters:
2019-02-01 15:47:07.135  I          Communications Interface = VISA
2019-02-01 15:47:07.135  I          visa_id = ASRL1::INSTR
2019-02-01 15:47:07.135  I          baud_rate = 38400
2019-02-01 15:47:07.135  I          Sample Interval (ms) = 500
2019-02-01 15:47:07.135  I          Channel 1 = AC
2019-02-01 15:47:07.135  I          Channel 2 = AC
2019-02-01 15:47:07.135  I          Channel 3 = AC
2019-02-01 15:47:07.135  I          Channel 4 = DC
2019-02-01 15:47:07.135  I          Channel 1 Label = 1
2019-02-01 15:47:07.135  I          Channel 2 Label = 2
2019-02-01 15:47:07.135  I          Channel 3 Label = 3
2019-02-01 15:47:07.135  I          Channel 4 Label = None
2019-02-01 15:47:07.135  I  HIL Parameters:
2019-02-01 15:47:07.135  I      HIL Environment = Disabled
2019-02-01 15:47:07.165  I  Turning on grid simulator.
2019-02-01 15:47:07.295  I  Grid simulator model: Chroma ATE,61860,000095,00.56 Oct 30 2014
2019-02-01 15:47:07.295  I  Grid sim regenerative mode is: on
2019-02-01 15:47:07.365  I  299.0
2019-02-01 15:47:07.365  I  Grid sim max voltage settings: v1 = 299.0, v2 = 299.0, v3 = 299.0
2019-02-01 15:47:07.375  I  Grid sim max current: 75.0 Amps
2019-02-01 15:47:07.375  D  comm : VISA
2019-02-01 15:47:07.375  D  visa path : C:/Program Files (x86)/IVI Foundation/VISA/WinNT/agvisa/agbin/visa32.dll
2019-02-01 15:47:07.375  D  baud rate : 115200
2019-02-01 15:47:08.405  W  Requested power > Pmp so irradiance will be > 1000 W/m^2)
2019-02-01 15:47:08.415  I  chroma irradiance changed to 1000.81
2019-02-01 15:47:08.495  I  chroma channel turned on
2019-02-01 15:47:10.655  I  DAS device: YOKOGAWA,760304-04-MV,0,F6.21

2019-02-01 15:47:10.805  I  Grid Guard is already set
2019-02-01 15:47:10.805  I  Grid Guard Code Accepted.
2019-02-01 15:47:10.805  I  Running capture 1
2019-02-01 15:47:11.005  D  Phase Tests: [((119.664, 277.0, 277.0), 'Phase 1 Fault Test', 'p1', (277.0, 277.0, 277.0))]
2019-02-01 15:47:11.005  I  Starting RMS data capture
2019-02-01 15:47:11.065  I  Setting voltage: v_1 = 277.0  v_2 = 277.0  v_3 = 277.0 for 1.0 seconds
2019-02-01 15:47:11.105  I      EUT powers before dwell: p_1 = nan  p_2 = nan  p_3 = nan
2019-02-01 15:47:16.655  I  Set Waveform Sampling Rate to 50 (Time/div = 2s)
2019-02-01 15:47:20.035  I  50.0
2019-02-01 15:47:20.035  I  Sleeping for 2 seconds, to wait for the capture to prime.
2019-02-01 15:47:22.035  I      Setting voltage: v_1 = 119.664  v_2 = 277.0  v_3 = 277.0 for 2.5 seconds
2019-02-01 15:47:25.035  I  Waveform capture active, sleeping
2019-02-01 15:47:26.035  I  Waveform capture active, sleeping
2019-02-01 15:47:27.035  I  Waveform capture active, sleeping
2019-02-01 15:47:28.035  I  Waveform capture active, sleeping
2019-02-01 15:47:29.035  I  Waveform capture active, sleeping
2019-02-01 15:47:30.035  I  Waveform capture active, sleeping
2019-02-01 15:47:31.035  I  Waveform capture active, sleeping
2019-02-01 15:47:32.035  I  Waveform capture active, sleeping
2019-02-01 15:47:33.035  I  Waveform capture active, sleeping
2019-02-01 15:47:34.035  I  Waveform capture active, sleeping
2019-02-01 15:47:35.035  I  Waveform capture active, sleeping
2019-02-01 15:47:36.035  I  Waveform capture active, sleeping
2019-02-01 15:47:57.165  I  4.81, 281.01
2019-02-01 15:47:57.165  I  8.90, 392.47
2019-02-01 15:47:57.165  I  9.12, 392.58
2019-02-01 15:47:57.165  I  8.84, 392.37
2019-02-01 15:47:57.165  I  8.79, 392.47
2019-02-01 15:47:57.165  I  8.95, 392.41
2019-02-01 15:47:57.165  I  8.84, 392.58
2019-02-01 15:47:57.165  I  8.90, 392.54
2019-02-01 15:47:57.165  I  9.01, 392.47
2019-02-01 15:47:57.165  I  8.84, 392.54
2019-02-01 15:47:57.165  D  188.38752
2019-02-01 15:47:57.165  D  48.0
2019-02-01 15:47:57.165  I  Voltage change started at 5.44, EUT trip at 6.96.  Total trip time: 1.52 sec.
2019-02-01 15:47:58.505  I  Test result - Complete
